<?xml version="1.0" encoding="UTF-8"?>
<!-- Generated by org.testng.reporters.JUnitReportReporter -->
<testsuite hostname="Sayed-Sadat" failures="0" tests="1" name="tests.RegisterAccount" time="0.000" errors="0" timestamp="2022-11-24T08:45:02 PST" skipped="1">
  <testcase classname="tests.RegisterAccount" name="registerAccount" time="0.000">
    <skipped/>
  </testcase> <!-- registerAccount -->
  <system-out/>
</testsuite> <!-- tests.RegisterAccount -->
