<?xml version="1.0" encoding="UTF-8"?>
<!-- Generated by org.testng.reporters.JUnitReportReporter -->
<testsuite hostname="Sayed-Sadat" failures="0" tests="1" name="tests.LoginSteps_Simple" time="3.914" errors="0" timestamp="2022-11-27T21:59:22 PST" skipped="0">
  <testcase classname="tests.LoginSteps_Simple" name="loginTestPage" time="3.914"/>
  <system-out/>
</testsuite> <!-- tests.LoginSteps_Simple -->
