<?xml version="1.0" encoding="UTF-8"?>
<!-- Generated by org.testng.reporters.JUnitReportReporter -->
<testsuite hostname="Sayed-Sadat" failures="0" tests="2" name="tests.RegisterAccountTests" time="6.720" errors="0" timestamp="2022-11-24T10:43:26 PST" skipped="0">
  <testcase classname="tests.RegisterAccountTests" name="registerAccount" time="2.568"/>
  <system-out/>
  <testcase classname="tests.RegisterAccountTests" name="registerAccount" time="4.152"/>
  <system-out/>
</testsuite> <!-- tests.RegisterAccountTests -->
